# JRE version: OpenJDK Runtime Environment Temurin-21.0.10+7 (21.0.10+7) (build 21.0.10+7-LTS)
# Java VM: OpenJDK 64-Bit Server VM Temurin-21.0.10+7 (21.0.10+7-LTS, mixed mode, sharing, tiered, compressed oops, compressed class ptrs, parallel gc, windows-amd64)
GC Precious Log:
 CardTable entry size: 512
 CPUs: 16 total, 16 available
 Memory: 14188M
 Large Page Support: Disabled
 NUMA Support: Disabled
 Compressed Oops: Enabled (32-bit)
 Alignments: Space 512K, Generation 512K, Heap 2M
 Heap Min Capacity: 100M
 Heap Initial Capacity: 100M
 Heap Max Capacity: 2G
 Pre-touch: Disabled
 Parallel Workers: 13
Heap:
 PSYoungGen      total 9216K, used 3963K [0x00000000d5580000, 0x00000000d6100000, 0x0000000100000000)
  eden space 7168K, 50% used [0x00000000d5580000,0x00000000d590eea8,0x00000000d5c80000)
  from space 2048K, 15% used [0x00000000d5d80000,0x00000000d5dd0000,0x00000000d5f80000)
  to   space 1024K, 0% used [0x00000000d6000000,0x00000000d6000000,0x00000000d6100000)
 ParOldGen       total 700416K, used 700184K [0x0000000080000000, 0x00000000aac00000, 0x00000000d5580000)
  object space 700416K, 99% used [0x0000000080000000,0x00000000aabc60c0,0x00000000aac00000)
 Metaspace       used 108779K, committed 111488K, reserved 1179648K
  class space    used 11029K, committed 12288K, reserved 1048576K
GC Heap History (20 events):
Event: 10812.590 GC heap before
{Heap before GC invocations=5172 (full 11):
 PSYoungGen      total 5120K, used 4992K [0x00000000d5580000, 0x00000000d5c80000, 0x0000000100000000)
  eden space 4608K, 100% used [0x00000000d5580000,0x00000000d5a00000,0x00000000d5a00000)
  from space 512K, 75% used [0x00000000d5b80000,0x00000000d5be0000,0x00000000d5c00000)
  to   space 512K, 0% used [0x00000000d5c00000,0x00000000d5c00000,0x00000000d5c80000)
 ParOldGen       total 641536K, used 639369K [0x0000000080000000, 0x00000000a7280000, 0x00000000d5580000)
  object space 641536K, 99% used [0x0000000080000000,0x00000000a70626e0,0x00000000a7280000)
 Metaspace       used 108771K, committed 111488K, reserved 1179648K
  class space    used 11029K, committed 12288K, reserved 1048576K
}
Event: 10812.592 GC heap after
{Heap after GC invocations=5172 (full 11):
 PSYoungGen      total 4608K, used 512K [0x00000000d5580000, 0x00000000d5f00000, 0x0000000100000000)
  eden space 4096K, 0% used [0x00000000d5580000,0x00000000d5580000,0x00000000d5980000)
  from space 512K, 100% used [0x00000000d5c00000,0x00000000d5c80000,0x00000000d5c80000)
  to   space 2560K, 0% used [0x00000000d5980000,0x00000000d5980000,0x00000000d5c00000)
 ParOldGen       total 641536K, used 640666K [0x0000000080000000, 0x00000000a7280000, 0x00000000d5580000)
  object space 641536K, 99% used [0x0000000080000000,0x00000000a71a68c0,0x00000000a7280000)
 Metaspace       used 108771K, committed 111488K, reserved 1179648K
  class space    used 11029K, committed 12288K, reserved 1048576K
}
Event: 10812.598 GC heap before
{Heap before GC invocations=5173 (full 11):
 PSYoungGen      total 4608K, used 4608K [0x00000000d5580000, 0x00000000d5f00000, 0x0000000100000000)
  eden space 4096K, 100% used [0x00000000d5580000,0x00000000d5980000,0x00000000d5980000)
  from space 512K, 100% used [0x00000000d5c00000,0x00000000d5c80000,0x00000000d5c80000)
  to   space 2560K, 0% used [0x00000000d5980000,0x00000000d5980000,0x00000000d5c00000)
 ParOldGen       total 641536K, used 640666K [0x0000000080000000, 0x00000000a7280000, 0x00000000d5580000)
  object space 641536K, 99% used [0x0000000080000000,0x00000000a71a68c0,0x00000000a7280000)
 Metaspace       used 108771K, committed 111488K, reserved 1179648K
  class space    used 11029K, committed 12288K, reserved 1048576K
}
Event: 10812.600 GC heap after
{Heap after GC invocations=5173 (full 11):
 PSYoungGen      total 6656K, used 2560K [0x00000000d5580000, 0x00000000d6380000, 0x0000000100000000)
  eden space 4096K, 0% used [0x00000000d5580000,0x00000000d5580000,0x00000000d5980000)
  from space 2560K, 100% used [0x00000000d5980000,0x00000000d5c00000,0x00000000d5c00000)
  to   space 5120K, 0% used [0x00000000d5e80000,0x00000000d5e80000,0x00000000d6380000)
 ParOldGen       total 642560K, used 642426K [0x0000000080000000, 0x00000000a7380000, 0x00000000d5580000)
  object space 642560K, 99% used [0x0000000080000000,0x00000000a735e8d0,0x00000000a7380000)
 Metaspace       used 108771K, committed 111488K, reserved 1179648K
  class space    used 11029K, committed 12288K, reserved 1048576K
}
Event: 10812.607 GC heap before
{Heap before GC invocations=5174 (full 11):
 PSYoungGen      total 6656K, used 6656K [0x00000000d5580000, 0x00000000d6380000, 0x0000000100000000)
  eden space 4096K, 100% used [0x00000000d5580000,0x00000000d5980000,0x00000000d5980000)
  from space 2560K, 100% used [0x00000000d5980000,0x00000000d5c00000,0x00000000d5c00000)
  to   space 5120K, 0% used [0x00000000d5e80000,0x00000000d5e80000,0x00000000d6380000)
 ParOldGen       total 642560K, used 642426K [0x0000000080000000, 0x00000000a7380000, 0x00000000d5580000)
  object space 642560K, 99% used [0x0000000080000000,0x00000000a735e8d0,0x00000000a7380000)
 Metaspace       used 108771K, committed 111488K, reserved 1179648K
  class space    used 11029K, committed 12288K, reserved 1048576K
}
Event: 10812.610 GC heap after
{Heap after GC invocations=5174 (full 11):
 PSYoungGen      total 8704K, used 4192K [0x00000000d5580000, 0x00000000d6300000, 0x0000000100000000)
  eden space 4096K, 0% used [0x00000000d5580000,0x00000000d5580000,0x00000000d5980000)
  from space 4608K, 90% used [0x00000000d5e80000,0x00000000d6298000,0x00000000d6300000)
  to   space 4608K, 0% used [0x00000000d5a00000,0x00000000d5a00000,0x00000000d5e80000)
 ParOldGen       total 645120K, used 645058K [0x0000000080000000, 0x00000000a7600000, 0x00000000d5580000)
  object space 645120K, 99% used [0x0000000080000000,0x00000000a75f08d0,0x00000000a7600000)
 Metaspace       used 108771K, committed 111488K, reserved 1179648K
  class space    used 11029K, committed 12288K, reserved 1048576K
}
Event: 10812.617 GC heap before
{Heap before GC invocations=5175 (full 11):
 PSYoungGen      total 8704K, used 8288K [0x00000000d5580000, 0x00000000d6300000, 0x0000000100000000)
  eden space 4096K, 100% used [0x00000000d5580000,0x00000000d5980000,0x00000000d5980000)
  from space 4608K, 90% used [0x00000000d5e80000,0x00000000d6298000,0x00000000d6300000)
  to   space 4608K, 0% used [0x00000000d5a00000,0x00000000d5a00000,0x00000000d5e80000)
 ParOldGen       total 645120K, used 645058K [0x0000000080000000, 0x00000000a7600000, 0x00000000d5580000)
  object space 645120K, 99% used [0x0000000080000000,0x00000000a75f08d0,0x00000000a7600000)
 Metaspace       used 108771K, committed 111488K, reserved 1179648K
  class space    used 11029K, committed 12288K, reserved 1048576K
}
Event: 10812.621 GC heap after
{Heap after GC invocations=5175 (full 11):
 PSYoungGen      total 9216K, used 4288K [0x00000000d5580000, 0x00000000d6380000, 0x0000000100000000)
  eden space 4608K, 0% used [0x00000000d5580000,0x00000000d5580000,0x00000000d5a00000)
  from space 4608K, 93% used [0x00000000d5a00000,0x00000000d5e30000,0x00000000d5e80000)
  to   space 4608K, 0% used [0x00000000d5f00000,0x00000000d5f00000,0x00000000d6380000)
 ParOldGen       total 649216K, used 649186K [0x0000000080000000, 0x00000000a7a00000, 0x00000000d5580000)
  object space 649216K, 99% used [0x0000000080000000,0x00000000a79f88d0,0x00000000a7a00000)
 Metaspace       used 108771K, committed 111488K, reserved 1179648K
  class space    used 11029K, committed 12288K, reserved 1048576K
}
Event: 10812.635 GC heap before
{Heap before GC invocations=5176 (full 11):
 PSYoungGen      total 9216K, used 8778K [0x00000000d5580000, 0x00000000d6380000, 0x0000000100000000)
  eden space 4608K, 97% used [0x00000000d5580000,0x00000000d59e2820,0x00000000d5a00000)
  from space 4608K, 93% used [0x00000000d5a00000,0x00000000d5e30000,0x00000000d5e80000)
  to   space 4608K, 0% used [0x00000000d5f00000,0x00000000d5f00000,0x00000000d6380000)
 ParOldGen       total 649216K, used 649186K [0x0000000080000000, 0x00000000a7a00000, 0x00000000d5580000)
  object space 649216K, 99% used [0x0000000080000000,0x00000000a79f88d0,0x00000000a7a00000)
 Metaspace       used 108771K, committed 111488K, reserved 1179648K
  class space    used 11029K, committed 12288K, reserved 1048576K
}
Event: 10812.638 GC heap after
{Heap after GC invocations=5176 (full 11):
 PSYoungGen      total 9728K, used 3712K [0x00000000d5580000, 0x00000000d6300000, 0x0000000100000000)
  eden space 5632K, 0% used [0x00000000d5580000,0x00000000d5580000,0x00000000d5b00000)
  from space 4096K, 90% used [0x00000000d5f00000,0x00000000d62a0000,0x00000000d6300000)
  to   space 4096K, 0% used [0x00000000d5b00000,0x00000000d5b00000,0x00000000d5f00000)
 ParOldGen       total 653824K, used 653322K [0x0000000080000000, 0x00000000a7e80000, 0x00000000d5580000)
  object space 653824K, 99% used [0x0000000080000000,0x00000000a7e028d0,0x00000000a7e80000)
 Metaspace       used 108771K, committed 111488K, reserved 1179648K
  class space    used 11029K, committed 12288K, reserved 1048576K
}
Event: 10812.678 GC heap before
{Heap before GC invocations=5177 (full 11):
 PSYoungGen      total 9728K, used 9344K [0x00000000d5580000, 0x00000000d6300000, 0x0000000100000000)
  eden space 5632K, 100% used [0x00000000d5580000,0x00000000d5b00000,0x00000000d5b00000)
  from space 4096K, 90% used [0x00000000d5f00000,0x00000000d62a0000,0x00000000d6300000)
  to   space 4096K, 0% used [0x00000000d5b00000,0x00000000d5b00000,0x00000000d5f00000)
 ParOldGen       total 653824K, used 653322K [0x0000000080000000, 0x00000000a7e80000, 0x00000000d5580000)
  object space 653824K, 99% used [0x0000000080000000,0x00000000a7e028d0,0x00000000a7e80000)
 Metaspace       used 108771K, committed 111488K, reserved 1179648K
  class space    used 11029K, committed 12288K, reserved 1048576K
}
Event: 10812.682 GC heap after
{Heap after GC invocations=5177 (full 11):
 PSYoungGen      total 9728K, used 4086K [0x00000000d5580000, 0x00000000d6d00000, 0x0000000100000000)
  eden space 5632K, 0% used [0x00000000d5580000,0x00000000d5580000,0x00000000d5b00000)
  from space 4096K, 99% used [0x00000000d5b00000,0x00000000d5efdbd0,0x00000000d5f00000)
  to   space 9216K, 0% used [0x00000000d6400000,0x00000000d6400000,0x00000000d6d00000)
 ParOldGen       total 657920K, used 657562K [0x0000000080000000, 0x00000000a8280000, 0x00000000d5580000)
  object space 657920K, 99% used [0x0000000080000000,0x00000000a82268d0,0x00000000a8280000)
 Metaspace       used 108771K, committed 111488K, reserved 1179648K
  class space    used 11029K, committed 12288K, reserved 1048576K
}
Event: 10812.689 GC heap before
{Heap before GC invocations=5178 (full 11):
 PSYoungGen      total 9728K, used 9614K [0x00000000d5580000, 0x00000000d6d00000, 0x0000000100000000)
  eden space 5632K, 98% used [0x00000000d5580000,0x00000000d5ae5da0,0x00000000d5b00000)
  from space 4096K, 99% used [0x00000000d5b00000,0x00000000d5efdbd0,0x00000000d5f00000)
  to   space 9216K, 0% used [0x00000000d6400000,0x00000000d6400000,0x00000000d6d00000)
 ParOldGen       total 657920K, used 657562K [0x0000000080000000, 0x00000000a8280000, 0x00000000d5580000)
  object space 657920K, 99% used [0x0000000080000000,0x00000000a82268d0,0x00000000a8280000)
 Metaspace       used 108771K, committed 111488K, reserved 1179648K
  class space    used 11029K, committed 12288K, reserved 1048576K
}
Event: 10812.692 GC heap after
{Heap after GC invocations=5178 (full 11):
 PSYoungGen      total 12800K, used 5057K [0x00000000d5580000, 0x00000000d6980000, 0x0000000100000000)
  eden space 7168K, 0% used [0x00000000d5580000,0x00000000d5580000,0x00000000d5c80000)
  from space 5632K, 89% used [0x00000000d6400000,0x00000000d68f07b8,0x00000000d6980000)
  to   space 6656K, 0% used [0x00000000d5c80000,0x00000000d5c80000,0x00000000d6300000)
 ParOldGen       total 662528K, used 662424K [0x0000000080000000, 0x00000000a8700000, 0x00000000d5580000)
  object space 662528K, 99% used [0x0000000080000000,0x00000000a86e6070,0x00000000a8700000)
 Metaspace       used 108771K, committed 111488K, reserved 1179648K
  class space    used 11029K, committed 12288K, reserved 1048576K
}
Event: 10812.711 GC heap before
{Heap before GC invocations=5179 (full 11):
 PSYoungGen      total 12800K, used 12225K [0x00000000d5580000, 0x00000000d6980000, 0x0000000100000000)
  eden space 7168K, 100% used [0x00000000d5580000,0x00000000d5c80000,0x00000000d5c80000)
  from space 5632K, 89% used [0x00000000d6400000,0x00000000d68f07b8,0x00000000d6980000)
  to   space 6656K, 0% used [0x00000000d5c80000,0x00000000d5c80000,0x00000000d6300000)
 ParOldGen       total 662528K, used 662424K [0x0000000080000000, 0x00000000a8700000, 0x00000000d5580000)
  object space 662528K, 99% used [0x0000000080000000,0x00000000a86e6070,0x00000000a8700000)
 Metaspace       used 108772K, committed 111488K, reserved 1179648K
  class space    used 11029K, committed 12288K, reserved 1048576K
}
Event: 10812.714 GC heap after
{Heap after GC invocations=5179 (full 11):
 PSYoungGen      total 10240K, used 2912K [0x00000000d5580000, 0x00000000d6480000, 0x0000000100000000)
  eden space 7168K, 0% used [0x00000000d5580000,0x00000000d5580000,0x00000000d5c80000)
  from space 3072K, 94% used [0x00000000d5c80000,0x00000000d5f58020,0x00000000d5f80000)
  to   space 4096K, 0% used [0x00000000d6080000,0x00000000d6080000,0x00000000d6480000)
 ParOldGen       total 667136K, used 666720K [0x0000000080000000, 0x00000000a8b80000, 0x00000000d5580000)
  object space 667136K, 99% used [0x0000000080000000,0x00000000a8b18070,0x00000000a8b80000)
 Metaspace       used 108772K, committed 111488K, reserved 1179648K
  class space    used 11029K, committed 12288K, reserved 1048576K
}
Event: 10970.468 GC heap before
{Heap before GC invocations=5180 (full 11):
 PSYoungGen      total 10240K, used 10080K [0x00000000d5580000, 0x00000000d6480000, 0x0000000100000000)
  eden space 7168K, 100% used [0x00000000d5580000,0x00000000d5c80000,0x00000000d5c80000)
  from space 3072K, 94% used [0x00000000d5c80000,0x00000000d5f58020,0x00000000d5f80000)
  to   space 4096K, 0% used [0x00000000d6080000,0x00000000d6080000,0x00000000d6480000)
 ParOldGen       total 698880K, used 697440K [0x0000000080000000, 0x00000000aaa80000, 0x00000000d5580000)
  object space 698880K, 99% used [0x0000000080000000,0x00000000aa9180a0,0x00000000aaa80000)
 Metaspace       used 108774K, committed 111488K, reserved 1179648K
  class space    used 11029K, committed 12288K, reserved 1048576K
}
Event: 10970.472 GC heap after
{Heap after GC invocations=5180 (full 11):
 PSYoungGen      total 8192K, used 864K [0x00000000d5580000, 0x00000000d6180000, 0x0000000100000000)
  eden space 7168K, 0% used [0x00000000d5580000,0x00000000d5580000,0x00000000d5c80000)
  from space 1024K, 84% used [0x00000000d6080000,0x00000000d6158020,0x00000000d6180000)
  to   space 2048K, 0% used [0x00000000d5d80000,0x00000000d5d80000,0x00000000d5f80000)
 ParOldGen       total 700416K, used 700024K [0x0000000080000000, 0x00000000aac00000, 0x00000000d5580000)
  object space 700416K, 99% used [0x0000000080000000,0x00000000aab9e0a0,0x00000000aac00000)
 Metaspace       used 108774K, committed 111488K, reserved 1179648K
  class space    used 11029K, committed 12288K, reserved 1048576K
}
Event: 22090.556 GC heap before
{Heap before GC invocations=5181 (full 11):
 PSYoungGen      total 8192K, used 8032K [0x00000000d5580000, 0x00000000d6180000, 0x0000000100000000)
  eden space 7168K, 99% used [0x00000000d5580000,0x00000000d5c7fff8,0x00000000d5c80000)
  from space 1024K, 84% used [0x00000000d6080000,0x00000000d6158020,0x00000000d6180000)
  to   space 2048K, 0% used [0x00000000d5d80000,0x00000000d5d80000,0x00000000d5f80000)
 ParOldGen       total 700416K, used 700024K [0x0000000080000000, 0x00000000aac00000, 0x00000000d5580000)
  object space 700416K, 99% used [0x0000000080000000,0x00000000aab9e0a0,0x00000000aac00000)
 Metaspace       used 108779K, committed 111488K, reserved 1179648K
  class space    used 11029K, committed 12288K, reserved 1048576K
}
Event: 22090.632 GC heap after
{Heap after GC invocations=5181 (full 11):
 PSYoungGen      total 9216K, used 320K [0x00000000d5580000, 0x00000000d6100000, 0x0000000100000000)
  eden space 7168K, 0% used [0x00000000d5580000,0x00000000d5580000,0x00000000d5c80000)
  from space 2048K, 15% used [0x00000000d5d80000,0x00000000d5dd0000,0x00000000d5f80000)
  to   space 1024K, 0% used [0x00000000d6000000,0x00000000d6000000,0x00000000d6100000)
 ParOldGen       total 700416K, used 700184K [0x0000000080000000, 0x00000000aac00000, 0x00000000d5580000)
  object space 700416K, 99% used [0x0000000080000000,0x00000000aabc60c0,0x00000000aac00000)
 Metaspace       used 108779K, committed 111488K, reserved 1179648K
  class space    used 11029K, committed 12288K, reserved 1048576K
}

